Execution layer created. chainId: 125a25cf-4bcb-4c08-b096-8e2fe111d74a
AddValidator Called with ChainId: 125a25cf-4bcb-4c08-b096-8e2fe111d74a and NewValidatorAddress: air1a4arux7tsy26dzec6j9effz679me9gqer8hycc
PollId: 2b0efd63-3ff9-4fca-aa39-8f55b2f2f3dd NewValidatorAddress: air1varhzdweq72eqqpma8ymzjk2a0ka8rdr84zx60 ChainId: 5a38be17-3916-4d53-bd10-409c6864ec72
PollId: 3a14921b-aaea-4536-8c07-afd6e04d4938 NewValidatorAddress: air1varhzdweq72eqqpma8ymzjk2a0ka8rdr84zx60 ChainId: c78efd2e-c4af-4e4e-8fa7-c792ff74e56b
PollId: 87ca6b23-ce8e-482d-a70b-94d92dbf8dbf NewValidatorAddress: air1a4arux7tsy26dzec6j9effz679me9gqer8hycc ChainId: c78efd2e-c4af-4e4e-8fa7-c792ff74e56b
PollId: 8e48f6c5-645d-4813-bd9b-05875198086e NewValidatorAddress: air1a4arux7tsy26dzec6j9effz679me9gqer8hycc ChainId: 5a38be17-3916-4d53-bd10-409c6864ec72
UUID created
37cdcc47-d37c-493b-a2c2-409a1d7c2118
AddValidator Called with ChainId: 125a25cf-4bcb-4c08-b096-8e2fe111d74a and NewValidatorAddress: air1varhzdweq72eqqpma8ymzjk2a0ka8rdr84zx60
PollId: 2b0efd63-3ff9-4fca-aa39-8f55b2f2f3dd NewValidatorAddress: air1varhzdweq72eqqpma8ymzjk2a0ka8rdr84zx60 ChainId: 5a38be17-3916-4d53-bd10-409c6864ec72
PollId: 37cdcc47-d37c-493b-a2c2-409a1d7c2118 NewValidatorAddress: air1a4arux7tsy26dzec6j9effz679me9gqer8hycc ChainId: 125a25cf-4bcb-4c08-b096-8e2fe111d74a
PollId: 3a14921b-aaea-4536-8c07-afd6e04d4938 NewValidatorAddress: air1varhzdweq72eqqpma8ymzjk2a0ka8rdr84zx60 ChainId: c78efd2e-c4af-4e4e-8fa7-c792ff74e56b
PollId: 87ca6b23-ce8e-482d-a70b-94d92dbf8dbf NewValidatorAddress: air1a4arux7tsy26dzec6j9effz679me9gqer8hycc ChainId: c78efd2e-c4af-4e4e-8fa7-c792ff74e56b
PollId: 8e48f6c5-645d-4813-bd9b-05875198086e NewValidatorAddress: air1a4arux7tsy26dzec6j9effz679me9gqer8hycc ChainId: 5a38be17-3916-4d53-bd10-409c6864ec72
UUID created
899c6f6a-f280-4a09-953b-0eb9118272dd
air14jhr694qulgc2q6r0g63dq63eyv3f9pxz89pr3
air1a4arux7tsy26dzec6j9effz679me9gqer8hycc
Already voted
air14jhr694qulgc2q6r0g63dq63eyv3f9pxz89pr3
air1a4arux7tsy26dzec6j9effz679me9gqer8hycc
air1varhzdweq72eqqpma8ymzjk2a0ka8rdr84zx60
Execution layer created. chainId: 7611d75c-1336-4204-bba5-60baa4806a00
Execution layer created. chainId: 7c8e77bf-dfe0-447f-9174-c91aa2bf40e4
Execution layer created. chainId: 80d90c7a-10ae-4430-9e93-a0ed1708a02e
